# JRE version: OpenJDK Runtime Environment (17.0.7) (build 17.0.7+0-b2043.56-10550314)
# Java VM: OpenJDK 64-Bit Server VM (17.0.7+0-b2043.56-10550314, mixed mode, tiered, compressed oops, compressed class ptrs, g1 gc, windows-amd64)
GC Precious Log:
 CPUs: 2 total, 2 available
 Memory: 3470M
 Large Page Support: Disabled
 NUMA Support: Disabled
 Compressed Oops: Enabled (32-bit)
 Heap Region Size: 1M
 Heap Min Capacity: 8M
 Heap Initial Capacity: 56M
 Heap Max Capacity: 2G
 Pre-touch: Disabled
 Parallel Workers: 2
 Concurrent Workers: 1
 Concurrent Refinement Workers: 2
 Periodic GC: Disabled
Heap:
 garbage-first heap   total 211968K, used 125715K [0x0000000080000000, 0x0000000100000000)
  region size 1024K, 3 young (3072K), 1 survivors (1024K)
 Metaspace       used 116462K, committed 117312K, reserved 1179648K
  class space    used 15736K, committed 16192K, reserved 1048576K
GC Heap History (20 events):
Event: 266.524 GC heap before
{Heap before GC invocations=68 (full 0):
 garbage-first heap   total 176128K, used 113152K [0x0000000080000000, 0x0000000100000000)
  region size 1024K, 8 young (8192K), 6 survivors (6144K)
 Metaspace       used 106565K, committed 107328K, reserved 1179648K
  class space    used 14562K, committed 14912K, reserved 1048576K
}
Event: 266.564 GC heap after
{Heap after GC invocations=69 (full 0):
 garbage-first heap   total 176128K, used 112128K [0x0000000080000000, 0x0000000100000000)
  region size 1024K, 1 young (1024K), 1 survivors (1024K)
 Metaspace       used 106565K, committed 107328K, reserved 1179648K
  class space    used 14562K, committed 14912K, reserved 1048576K
}
Event: 269.621 GC heap before
{Heap before GC invocations=69 (full 0):
 garbage-first heap   total 176128K, used 150016K [0x0000000080000000, 0x0000000100000000)
  region size 1024K, 31 young (31744K), 1 survivors (1024K)
 Metaspace       used 107924K, committed 108672K, reserved 1179648K
  class space    used 14699K, committed 15040K, reserved 1048576K
}
Event: 269.630 GC heap after
{Heap after GC invocations=70 (full 0):
 garbage-first heap   total 176128K, used 113326K [0x0000000080000000, 0x0000000100000000)
  region size 1024K, 3 young (3072K), 3 survivors (3072K)
 Metaspace       used 107924K, committed 108672K, reserved 1179648K
  class space    used 14699K, committed 15040K, reserved 1048576K
}
Event: 273.959 GC heap before
{Heap before GC invocations=70 (full 0):
 garbage-first heap   total 176128K, used 141998K [0x0000000080000000, 0x0000000100000000)
  region size 1024K, 32 young (32768K), 3 survivors (3072K)
 Metaspace       used 109119K, committed 109824K, reserved 1179648K
  class space    used 14823K, committed 15168K, reserved 1048576K
}
Event: 273.978 GC heap after
{Heap after GC invocations=71 (full 0):
 garbage-first heap   total 176128K, used 114615K [0x0000000080000000, 0x0000000100000000)
  region size 1024K, 2 young (2048K), 2 survivors (2048K)
 Metaspace       used 109119K, committed 109824K, reserved 1179648K
  class space    used 14823K, committed 15168K, reserved 1048576K
}
Event: 278.541 GC heap before
{Heap before GC invocations=71 (full 0):
 garbage-first heap   total 176128K, used 144311K [0x0000000080000000, 0x0000000100000000)
  region size 1024K, 32 young (32768K), 2 survivors (2048K)
 Metaspace       used 109679K, committed 110464K, reserved 1179648K
  class space    used 14877K, committed 15232K, reserved 1048576K
}
Event: 278.557 GC heap after
{Heap after GC invocations=72 (full 0):
 garbage-first heap   total 176128K, used 117617K [0x0000000080000000, 0x0000000100000000)
  region size 1024K, 4 young (4096K), 4 survivors (4096K)
 Metaspace       used 109679K, committed 110464K, reserved 1179648K
  class space    used 14877K, committed 15232K, reserved 1048576K
}
Event: 283.442 GC heap before
{Heap before GC invocations=72 (full 0):
 garbage-first heap   total 176128K, used 146289K [0x0000000080000000, 0x0000000100000000)
  region size 1024K, 33 young (33792K), 4 survivors (4096K)
 Metaspace       used 110841K, committed 111552K, reserved 1179648K
  class space    used 15012K, committed 15360K, reserved 1048576K
}
Event: 283.458 GC heap after
{Heap after GC invocations=73 (full 0):
 garbage-first heap   total 176128K, used 120434K [0x0000000080000000, 0x0000000100000000)
  region size 1024K, 3 young (3072K), 3 survivors (3072K)
 Metaspace       used 110841K, committed 111552K, reserved 1179648K
  class space    used 15012K, committed 15360K, reserved 1048576K
}
Event: 284.461 GC heap before
{Heap before GC invocations=73 (full 0):
 garbage-first heap   total 176128K, used 147058K [0x0000000080000000, 0x0000000100000000)
  region size 1024K, 30 young (30720K), 3 survivors (3072K)
 Metaspace       used 112078K, committed 112768K, reserved 1179648K
  class space    used 15155K, committed 15488K, reserved 1048576K
}
Event: 284.472 GC heap after
{Heap after GC invocations=74 (full 0):
 garbage-first heap   total 176128K, used 121153K [0x0000000080000000, 0x0000000100000000)
  region size 1024K, 1 young (1024K), 1 survivors (1024K)
 Metaspace       used 112078K, committed 112768K, reserved 1179648K
  class space    used 15155K, committed 15488K, reserved 1048576K
}
Event: 286.807 GC heap before
{Heap before GC invocations=74 (full 0):
 garbage-first heap   total 176128K, used 147777K [0x0000000080000000, 0x0000000100000000)
  region size 1024K, 28 young (28672K), 1 survivors (1024K)
 Metaspace       used 113952K, committed 114688K, reserved 1179648K
  class space    used 15380K, committed 15744K, reserved 1048576K
}
Event: 286.820 GC heap after
{Heap after GC invocations=75 (full 0):
 garbage-first heap   total 176128K, used 123323K [0x0000000080000000, 0x0000000100000000)
  region size 1024K, 4 young (4096K), 4 survivors (4096K)
 Metaspace       used 113952K, committed 114688K, reserved 1179648K
  class space    used 15380K, committed 15744K, reserved 1048576K
}
Event: 480.287 GC heap before
{Heap before GC invocations=75 (full 0):
 garbage-first heap   total 176128K, used 147899K [0x0000000080000000, 0x0000000100000000)
  region size 1024K, 29 young (29696K), 4 survivors (4096K)
 Metaspace       used 116081K, committed 116928K, reserved 1179648K
  class space    used 15699K, committed 16128K, reserved 1048576K
}
Event: 486.607 GC heap after
{Heap after GC invocations=76 (full 0):
 garbage-first heap   total 176128K, used 124927K [0x0000000080000000, 0x0000000100000000)
  region size 1024K, 2 young (2048K), 2 survivors (2048K)
 Metaspace       used 116081K, committed 116928K, reserved 1179648K
  class space    used 15699K, committed 16128K, reserved 1048576K
}
Event: 601.634 GC heap before
{Heap before GC invocations=76 (full 0):
 garbage-first heap   total 176128K, used 130047K [0x0000000080000000, 0x0000000100000000)
  region size 1024K, 8 young (8192K), 2 survivors (2048K)
 Metaspace       used 116264K, committed 117056K, reserved 1179648K
  class space    used 15709K, committed 16128K, reserved 1048576K
}
Event: 601.774 GC heap after
{Heap after GC invocations=77 (full 0):
 garbage-first heap   total 211968K, used 124738K [0x0000000080000000, 0x0000000100000000)
  region size 1024K, 1 young (1024K), 1 survivors (1024K)
 Metaspace       used 116264K, committed 117056K, reserved 1179648K
  class space    used 15709K, committed 16128K, reserved 1048576K
}
Event: 622.263 GC heap before
{Heap before GC invocations=77 (full 0):
 garbage-first heap   total 211968K, used 132930K [0x0000000080000000, 0x0000000100000000)
  region size 1024K, 10 young (10240K), 1 survivors (1024K)
 Metaspace       used 116453K, committed 117312K, reserved 1179648K
  class space    used 15735K, committed 16192K, reserved 1048576K
}
Event: 622.358 GC heap after
{Heap after GC invocations=78 (full 0):
 garbage-first heap   total 211968K, used 124691K [0x0000000080000000, 0x0000000100000000)
  region size 1024K, 1 young (1024K), 1 survivors (1024K)
 Metaspace       used 116453K, committed 117312K, reserved 1179648K
  class space    used 15735K, committed 16192K, reserved 1048576K
}

