# JRE version: OpenJDK Runtime Environment (17.0.7) (build 17.0.7+0-b2043.56-10550314)
# Java VM: OpenJDK 64-Bit Server VM (17.0.7+0-b2043.56-10550314, mixed mode, tiered, compressed oops, compressed class ptrs, g1 gc, windows-amd64)
GC Precious Log:
 CPUs: 2 total, 2 available
 Memory: 3470M
 Large Page Support: Disabled
 NUMA Support: Disabled
 Compressed Oops: Enabled (32-bit)
 Heap Region Size: 1M
 Heap Min Capacity: 8M
 Heap Initial Capacity: 56M
 Heap Max Capacity: 2G
 Pre-touch: Disabled
 Parallel Workers: 2
 Concurrent Workers: 1
 Concurrent Refinement Workers: 2
 Periodic GC: Disabled
Heap:
 garbage-first heap   total 493568K, used 181248K [0x0000000080000000, 0x0000000100000000)
  region size 1024K, 3 young (3072K), 3 survivors (3072K)
 Metaspace       used 121126K, committed 121920K, reserved 1179648K
  class space    used 16418K, committed 16832K, reserved 1048576K
GC Heap History (20 events):
Event: 157.626 GC heap after
{Heap after GC invocations=73 (full 0):
 garbage-first heap   total 493568K, used 133604K [0x0000000080000000, 0x0000000100000000)
  region size 1024K, 2 young (2048K), 2 survivors (2048K)
 Metaspace       used 106882K, committed 107584K, reserved 1179648K
  class space    used 14528K, committed 14848K, reserved 1048576K
}
Event: 169.147 GC heap before
{Heap before GC invocations=73 (full 0):
 garbage-first heap   total 493568K, used 230884K [0x0000000080000000, 0x0000000100000000)
  region size 1024K, 98 young (100352K), 2 survivors (2048K)
 Metaspace       used 106965K, committed 107712K, reserved 1179648K
  class space    used 14536K, committed 14912K, reserved 1048576K
}
Event: 169.197 GC heap after
{Heap after GC invocations=74 (full 0):
 garbage-first heap   total 493568K, used 134367K [0x0000000080000000, 0x0000000100000000)
  region size 1024K, 3 young (3072K), 3 survivors (3072K)
 Metaspace       used 106965K, committed 107712K, reserved 1179648K
  class space    used 14536K, committed 14912K, reserved 1048576K
}
Event: 185.031 GC heap before
{Heap before GC invocations=74 (full 0):
 garbage-first heap   total 493568K, used 274655K [0x0000000080000000, 0x0000000100000000)
  region size 1024K, 141 young (144384K), 3 survivors (3072K)
 Metaspace       used 107340K, committed 108160K, reserved 1179648K
  class space    used 14576K, committed 14976K, reserved 1048576K
}
Event: 185.289 GC heap after
{Heap after GC invocations=75 (full 0):
 garbage-first heap   total 493568K, used 139766K [0x0000000080000000, 0x0000000100000000)
  region size 1024K, 8 young (8192K), 8 survivors (8192K)
 Metaspace       used 107340K, committed 108160K, reserved 1179648K
  class space    used 14576K, committed 14976K, reserved 1048576K
}
Event: 196.338 GC heap before
{Heap before GC invocations=75 (full 0):
 garbage-first heap   total 493568K, used 212470K [0x0000000080000000, 0x0000000100000000)
  region size 1024K, 80 young (81920K), 8 survivors (8192K)
 Metaspace       used 109475K, committed 110272K, reserved 1179648K
  class space    used 14880K, committed 15296K, reserved 1048576K
}
Event: 196.626 GC heap after
{Heap after GC invocations=76 (full 0):
 garbage-first heap   total 493568K, used 148125K [0x0000000080000000, 0x0000000100000000)
  region size 1024K, 9 young (9216K), 9 survivors (9216K)
 Metaspace       used 109475K, committed 110272K, reserved 1179648K
  class space    used 14880K, committed 15296K, reserved 1048576K
}
Event: 203.159 GC heap before
{Heap before GC invocations=76 (full 0):
 garbage-first heap   total 493568K, used 173725K [0x0000000080000000, 0x0000000100000000)
  region size 1024K, 35 young (35840K), 9 survivors (9216K)
 Metaspace       used 112246K, committed 113088K, reserved 1179648K
  class space    used 15248K, committed 15680K, reserved 1048576K
}
Event: 203.823 GC heap after
{Heap after GC invocations=77 (full 0):
 garbage-first heap   total 493568K, used 149504K [0x0000000080000000, 0x0000000100000000)
  region size 1024K, 2 young (2048K), 2 survivors (2048K)
 Metaspace       used 112246K, committed 113088K, reserved 1179648K
  class space    used 15248K, committed 15680K, reserved 1048576K
}
Event: 206.546 GC heap before
{Heap before GC invocations=77 (full 0):
 garbage-first heap   total 493568K, used 204800K [0x0000000080000000, 0x0000000100000000)
  region size 1024K, 57 young (58368K), 2 survivors (2048K)
 Metaspace       used 114274K, committed 115072K, reserved 1179648K
  class space    used 15483K, committed 15872K, reserved 1048576K
}
Event: 206.602 GC heap after
{Heap after GC invocations=78 (full 0):
 garbage-first heap   total 493568K, used 158208K [0x0000000080000000, 0x0000000100000000)
  region size 1024K, 8 young (8192K), 8 survivors (8192K)
 Metaspace       used 114274K, committed 115072K, reserved 1179648K
  class space    used 15483K, committed 15872K, reserved 1048576K
}
Event: 207.105 GC heap before
{Heap before GC invocations=78 (full 0):
 garbage-first heap   total 493568K, used 174592K [0x0000000080000000, 0x0000000100000000)
  region size 1024K, 24 young (24576K), 8 survivors (8192K)
 Metaspace       used 115908K, committed 116736K, reserved 1179648K
  class space    used 15726K, committed 16128K, reserved 1048576K
}
Event: 207.250 GC heap after
{Heap after GC invocations=79 (full 0):
 garbage-first heap   total 493568K, used 159920K [0x0000000080000000, 0x0000000100000000)
  region size 1024K, 2 young (2048K), 2 survivors (2048K)
 Metaspace       used 115908K, committed 116736K, reserved 1179648K
  class space    used 15726K, committed 16128K, reserved 1048576K
}
Event: 211.819 GC heap before
{Heap before GC invocations=79 (full 0):
 garbage-first heap   total 493568K, used 203952K [0x0000000080000000, 0x0000000100000000)
  region size 1024K, 45 young (46080K), 2 survivors (2048K)
 Metaspace       used 116892K, committed 117760K, reserved 1179648K
  class space    used 15897K, committed 16320K, reserved 1048576K
}
Event: 211.896 GC heap after
{Heap after GC invocations=80 (full 0):
 garbage-first heap   total 493568K, used 166400K [0x0000000080000000, 0x0000000100000000)
  region size 1024K, 6 young (6144K), 6 survivors (6144K)
 Metaspace       used 116892K, committed 117760K, reserved 1179648K
  class space    used 15897K, committed 16320K, reserved 1048576K
}
Event: 213.146 GC heap before
{Heap before GC invocations=80 (full 0):
 garbage-first heap   total 493568K, used 198144K [0x0000000080000000, 0x0000000100000000)
  region size 1024K, 37 young (37888K), 6 survivors (6144K)
 Metaspace       used 117345K, committed 118208K, reserved 1179648K
  class space    used 15979K, committed 16384K, reserved 1048576K
}
Event: 213.316 GC heap after
{Heap after GC invocations=81 (full 0):
 garbage-first heap   total 493568K, used 171591K [0x0000000080000000, 0x0000000100000000)
  region size 1024K, 5 young (5120K), 5 survivors (5120K)
 Metaspace       used 117345K, committed 118208K, reserved 1179648K
  class space    used 15979K, committed 16384K, reserved 1048576K
}
Event: 214.765 GC heap before
{Heap before GC invocations=81 (full 0):
 garbage-first heap   total 493568K, used 215623K [0x0000000080000000, 0x0000000100000000)
  region size 1024K, 48 young (49152K), 5 survivors (5120K)
 Metaspace       used 118366K, committed 119232K, reserved 1179648K
  class space    used 16132K, committed 16576K, reserved 1048576K
}
Event: 214.839 GC heap after
{Heap after GC invocations=82 (full 0):
 garbage-first heap   total 493568K, used 178176K [0x0000000080000000, 0x0000000100000000)
  region size 1024K, 6 young (6144K), 6 survivors (6144K)
 Metaspace       used 118366K, committed 119232K, reserved 1179648K
  class space    used 16132K, committed 16576K, reserved 1048576K
}
Event: 222.688 GC heap before
{Heap before GC invocations=82 (full 0):
 garbage-first heap   total 493568K, used 230400K [0x0000000080000000, 0x0000000100000000)
  region size 1024K, 58 young (59392K), 6 survivors (6144K)
 Metaspace       used 121126K, committed 121920K, reserved 1179648K
  class space    used 16418K, committed 16832K, reserved 1048576K
}

