# JRE version: OpenJDK Runtime Environment (17.0.7) (build 17.0.7+0-b2043.56-10550314)
# Java VM: OpenJDK 64-Bit Server VM (17.0.7+0-b2043.56-10550314, mixed mode, tiered, compressed oops, compressed class ptrs, g1 gc, windows-amd64)
GC Precious Log:
 CPUs: 2 total, 2 available
 Memory: 3470M
 Large Page Support: Disabled
 NUMA Support: Disabled
 Compressed Oops: Enabled (32-bit)
 Heap Region Size: 1M
 Heap Min Capacity: 8M
 Heap Initial Capacity: 56M
 Heap Max Capacity: 868M
 Pre-touch: Disabled
 Parallel Workers: 2
 Concurrent Workers: 1
 Concurrent Refinement Workers: 2
 Periodic GC: Disabled
Heap:
 garbage-first heap   total 41984K, used 28755K [0x00000000c9c00000, 0x0000000100000000)
  region size 1024K, 10 young (10240K), 1 survivors (1024K)
 Metaspace       used 42782K, committed 43008K, reserved 1114112K
  class space    used 5194K, committed 5312K, reserved 1048576K
GC Heap History (20 events):
Event: 10.651 GC heap before
{Heap before GC invocations=6 (full 0):
 garbage-first heap   total 34816K, used 25888K [0x00000000c9c00000, 0x0000000100000000)
  region size 1024K, 20 young (20480K), 3 survivors (3072K)
 Metaspace       used 26513K, committed 26688K, reserved 1114112K
  class space    used 2968K, committed 3072K, reserved 1048576K
}
Event: 10.677 GC heap after
{Heap after GC invocations=7 (full 0):
 garbage-first heap   total 34816K, used 9516K [0x00000000c9c00000, 0x0000000100000000)
  region size 1024K, 2 young (2048K), 2 survivors (2048K)
 Metaspace       used 26513K, committed 26688K, reserved 1114112K
  class space    used 2968K, committed 3072K, reserved 1048576K
}
Event: 10.821 GC heap before
{Heap before GC invocations=7 (full 0):
 garbage-first heap   total 34816K, used 10540K [0x00000000c9c00000, 0x0000000100000000)
  region size 1024K, 3 young (3072K), 2 survivors (2048K)
 Metaspace       used 26808K, committed 27008K, reserved 1114112K
  class space    used 3021K, committed 3136K, reserved 1048576K
}
Event: 10.827 GC heap after
{Heap after GC invocations=8 (full 0):
 garbage-first heap   total 34816K, used 9452K [0x00000000c9c00000, 0x0000000100000000)
  region size 1024K, 1 young (1024K), 1 survivors (1024K)
 Metaspace       used 26808K, committed 27008K, reserved 1114112K
  class space    used 3021K, committed 3136K, reserved 1048576K
}
Event: 13.550 GC heap before
{Heap before GC invocations=8 (full 0):
 garbage-first heap   total 34816K, used 26860K [0x00000000c9c00000, 0x0000000100000000)
  region size 1024K, 17 young (17408K), 1 survivors (1024K)
 Metaspace       used 29545K, committed 29760K, reserved 1114112K
  class space    used 3624K, committed 3712K, reserved 1048576K
}
Event: 13.570 GC heap after
{Heap after GC invocations=9 (full 0):
 garbage-first heap   total 34816K, used 14711K [0x00000000c9c00000, 0x0000000100000000)
  region size 1024K, 3 young (3072K), 3 survivors (3072K)
 Metaspace       used 29545K, committed 29760K, reserved 1114112K
  class space    used 3624K, committed 3712K, reserved 1048576K
}
Event: 15.260 GC heap before
{Heap before GC invocations=9 (full 0):
 garbage-first heap   total 34816K, used 23927K [0x00000000c9c00000, 0x0000000100000000)
  region size 1024K, 13 young (13312K), 3 survivors (3072K)
 Metaspace       used 30938K, committed 31232K, reserved 1114112K
  class space    used 3968K, committed 4096K, reserved 1048576K
}
Event: 15.290 GC heap after
{Heap after GC invocations=10 (full 0):
 garbage-first heap   total 34816K, used 17011K [0x00000000c9c00000, 0x0000000100000000)
  region size 1024K, 2 young (2048K), 2 survivors (2048K)
 Metaspace       used 30938K, committed 31232K, reserved 1114112K
  class space    used 3968K, committed 4096K, reserved 1048576K
}
Event: 15.755 GC heap before
{Heap before GC invocations=10 (full 0):
 garbage-first heap   total 34816K, used 24179K [0x00000000c9c00000, 0x0000000100000000)
  region size 1024K, 10 young (10240K), 2 survivors (2048K)
 Metaspace       used 33699K, committed 33984K, reserved 1114112K
  class space    used 4285K, committed 4416K, reserved 1048576K
}
Event: 15.760 GC heap after
{Heap after GC invocations=11 (full 0):
 garbage-first heap   total 34816K, used 17690K [0x00000000c9c00000, 0x0000000100000000)
  region size 1024K, 1 young (1024K), 1 survivors (1024K)
 Metaspace       used 33699K, committed 33984K, reserved 1114112K
  class space    used 4285K, committed 4416K, reserved 1048576K
}
Event: 16.039 GC heap before
{Heap before GC invocations=11 (full 0):
 garbage-first heap   total 34816K, used 24858K [0x00000000c9c00000, 0x0000000100000000)
  region size 1024K, 9 young (9216K), 1 survivors (1024K)
 Metaspace       used 34737K, committed 34944K, reserved 1114112K
  class space    used 4389K, committed 4480K, reserved 1048576K
}
Event: 16.042 GC heap after
{Heap after GC invocations=12 (full 0):
 garbage-first heap   total 34816K, used 16759K [0x00000000c9c00000, 0x0000000100000000)
  region size 1024K, 2 young (2048K), 2 survivors (2048K)
 Metaspace       used 34737K, committed 34944K, reserved 1114112K
  class space    used 4389K, committed 4480K, reserved 1048576K
}
Event: 16.402 GC heap before
{Heap before GC invocations=13 (full 0):
 garbage-first heap   total 34816K, used 24951K [0x00000000c9c00000, 0x0000000100000000)
  region size 1024K, 10 young (10240K), 2 survivors (2048K)
 Metaspace       used 36234K, committed 36480K, reserved 1114112K
  class space    used 4572K, committed 4672K, reserved 1048576K
}
Event: 16.406 GC heap after
{Heap after GC invocations=14 (full 0):
 garbage-first heap   total 34816K, used 17794K [0x00000000c9c00000, 0x0000000100000000)
  region size 1024K, 2 young (2048K), 2 survivors (2048K)
 Metaspace       used 36234K, committed 36480K, reserved 1114112K
  class space    used 4572K, committed 4672K, reserved 1048576K
}
Event: 16.575 GC heap before
{Heap before GC invocations=14 (full 0):
 garbage-first heap   total 34816K, used 23938K [0x00000000c9c00000, 0x0000000100000000)
  region size 1024K, 9 young (9216K), 2 survivors (2048K)
 Metaspace       used 37668K, committed 37888K, reserved 1114112K
  class space    used 4718K, committed 4800K, reserved 1048576K
}
Event: 16.579 GC heap after
{Heap after GC invocations=15 (full 0):
 garbage-first heap   total 34816K, used 18662K [0x00000000c9c00000, 0x0000000100000000)
  region size 1024K, 1 young (1024K), 1 survivors (1024K)
 Metaspace       used 37668K, committed 37888K, reserved 1114112K
  class space    used 4718K, committed 4800K, reserved 1048576K
}
Event: 16.786 GC heap before
{Heap before GC invocations=16 (full 0):
 garbage-first heap   total 34816K, used 24806K [0x00000000c9c00000, 0x0000000100000000)
  region size 1024K, 8 young (8192K), 1 survivors (1024K)
 Metaspace       used 39200K, committed 39424K, reserved 1114112K
  class space    used 4835K, committed 4928K, reserved 1048576K
}
Event: 16.791 GC heap after
{Heap after GC invocations=17 (full 0):
 garbage-first heap   total 34816K, used 19135K [0x00000000c9c00000, 0x0000000100000000)
  region size 1024K, 1 young (1024K), 1 survivors (1024K)
 Metaspace       used 39200K, committed 39424K, reserved 1114112K
  class space    used 4835K, committed 4928K, reserved 1048576K
}
Event: 17.025 GC heap before
{Heap before GC invocations=17 (full 0):
 garbage-first heap   total 34816K, used 25279K [0x00000000c9c00000, 0x0000000100000000)
  region size 1024K, 8 young (8192K), 1 survivors (1024K)
 Metaspace       used 40512K, committed 40768K, reserved 1114112K
  class space    used 4938K, committed 5056K, reserved 1048576K
}
Event: 17.030 GC heap after
{Heap after GC invocations=18 (full 0):
 garbage-first heap   total 41984K, used 20563K [0x00000000c9c00000, 0x0000000100000000)
  region size 1024K, 1 young (1024K), 1 survivors (1024K)
 Metaspace       used 40512K, committed 40768K, reserved 1114112K
  class space    used 4938K, committed 5056K, reserved 1048576K
}

