# JRE version: OpenJDK Runtime Environment (17.0.7) (build 17.0.7+0-b2043.56-10550314)
# Java VM: OpenJDK 64-Bit Server VM (17.0.7+0-b2043.56-10550314, mixed mode, tiered, compressed oops, compressed class ptrs, g1 gc, windows-amd64)
GC Precious Log:
 CPUs: 2 total, 2 available
 Memory: 3470M
 Large Page Support: Disabled
 NUMA Support: Disabled
 Compressed Oops: Enabled (32-bit)
 Heap Region Size: 1M
 Heap Min Capacity: 8M
 Heap Initial Capacity: 56M
 Heap Max Capacity: 2G
 Pre-touch: Disabled
 Parallel Workers: 2
 Concurrent Workers: 1
 Concurrent Refinement Workers: 2
 Periodic GC: Disabled
Heap:
 garbage-first heap   total 212992K, used 154718K [0x0000000080000000, 0x0000000100000000)
  region size 1024K, 3 young (3072K), 2 survivors (2048K)
 Metaspace       used 115252K, committed 116224K, reserved 1179648K
  class space    used 15432K, committed 15936K, reserved 1048576K
GC Heap History (20 events):
Event: 2497.703 GC heap before
{Heap before GC invocations=53 (full 0):
 garbage-first heap   total 212992K, used 173959K [0x0000000080000000, 0x0000000100000000)
  region size 1024K, 44 young (45056K), 4 survivors (4096K)
 Metaspace       used 114655K, committed 115584K, reserved 1179648K
  class space    used 15408K, committed 15872K, reserved 1048576K
}
Event: 2497.868 GC heap after
{Heap after GC invocations=54 (full 0):
 garbage-first heap   total 212992K, used 144749K [0x0000000080000000, 0x0000000100000000)
  region size 1024K, 6 young (6144K), 6 survivors (6144K)
 Metaspace       used 114655K, committed 115584K, reserved 1179648K
  class space    used 15408K, committed 15872K, reserved 1048576K
}
Event: 2498.956 GC heap before
{Heap before GC invocations=54 (full 0):
 garbage-first heap   total 212992K, used 156013K [0x0000000080000000, 0x0000000100000000)
  region size 1024K, 10 young (10240K), 6 survivors (6144K)
 Metaspace       used 114676K, committed 115584K, reserved 1179648K
  class space    used 15408K, committed 15872K, reserved 1048576K
}
Event: 2499.045 GC heap after
{Heap after GC invocations=55 (full 0):
 garbage-first heap   total 212992K, used 146944K [0x0000000080000000, 0x0000000100000000)
  region size 1024K, 2 young (2048K), 2 survivors (2048K)
 Metaspace       used 114676K, committed 115584K, reserved 1179648K
  class space    used 15408K, committed 15872K, reserved 1048576K
}
Event: 2502.470 GC heap before
{Heap before GC invocations=55 (full 0):
 garbage-first heap   total 212992K, used 155136K [0x0000000080000000, 0x0000000100000000)
  region size 1024K, 10 young (10240K), 2 survivors (2048K)
 Metaspace       used 114723K, committed 115712K, reserved 1179648K
  class space    used 15411K, committed 15936K, reserved 1048576K
}
Event: 2502.485 GC heap after
{Heap after GC invocations=56 (full 0):
 garbage-first heap   total 212992K, used 147968K [0x0000000080000000, 0x0000000100000000)
  region size 1024K, 1 young (1024K), 1 survivors (1024K)
 Metaspace       used 114723K, committed 115712K, reserved 1179648K
  class space    used 15411K, committed 15936K, reserved 1048576K
}
Event: 2517.151 GC heap before
{Heap before GC invocations=56 (full 0):
 garbage-first heap   total 212992K, used 167424K [0x0000000080000000, 0x0000000100000000)
  region size 1024K, 20 young (20480K), 1 survivors (1024K)
 Metaspace       used 114862K, committed 115840K, reserved 1179648K
  class space    used 15416K, committed 15936K, reserved 1048576K
}
Event: 2517.166 GC heap after
{Heap after GC invocations=57 (full 0):
 garbage-first heap   total 212992K, used 148853K [0x0000000080000000, 0x0000000100000000)
  region size 1024K, 2 young (2048K), 2 survivors (2048K)
 Metaspace       used 114862K, committed 115840K, reserved 1179648K
  class space    used 15416K, committed 15936K, reserved 1048576K
}
Event: 2772.554 GC heap before
{Heap before GC invocations=57 (full 0):
 garbage-first heap   total 212992K, used 169333K [0x0000000080000000, 0x0000000100000000)
  region size 1024K, 23 young (23552K), 2 survivors (2048K)
 Metaspace       used 114971K, committed 115904K, reserved 1179648K
  class space    used 15417K, committed 15936K, reserved 1048576K
}
Event: 2772.996 GC heap after
{Heap after GC invocations=58 (full 0):
 garbage-first heap   total 212992K, used 149211K [0x0000000080000000, 0x0000000100000000)
  region size 1024K, 2 young (2048K), 2 survivors (2048K)
 Metaspace       used 114971K, committed 115904K, reserved 1179648K
  class space    used 15417K, committed 15936K, reserved 1048576K
}
Event: 2834.103 GC heap before
{Heap before GC invocations=58 (full 0):
 garbage-first heap   total 212992K, used 156379K [0x0000000080000000, 0x0000000100000000)
  region size 1024K, 10 young (10240K), 2 survivors (2048K)
 Metaspace       used 115000K, committed 115968K, reserved 1179648K
  class space    used 15417K, committed 15936K, reserved 1048576K
}
Event: 2834.245 GC heap after
{Heap after GC invocations=59 (full 0):
 garbage-first heap   total 212992K, used 149186K [0x0000000080000000, 0x0000000100000000)
  region size 1024K, 1 young (1024K), 1 survivors (1024K)
 Metaspace       used 115000K, committed 115968K, reserved 1179648K
  class space    used 15417K, committed 15936K, reserved 1048576K
}
Event: 2841.961 GC heap before
{Heap before GC invocations=59 (full 0):
 garbage-first heap   total 212992K, used 160450K [0x0000000080000000, 0x0000000100000000)
  region size 1024K, 13 young (13312K), 1 survivors (1024K)
 Metaspace       used 115050K, committed 116032K, reserved 1179648K
  class space    used 15417K, committed 15936K, reserved 1048576K
}
Event: 2842.008 GC heap after
{Heap after GC invocations=60 (full 0):
 garbage-first heap   total 212992K, used 150272K [0x0000000080000000, 0x0000000100000000)
  region size 1024K, 2 young (2048K), 2 survivors (2048K)
 Metaspace       used 115050K, committed 116032K, reserved 1179648K
  class space    used 15417K, committed 15936K, reserved 1048576K
}
Event: 2965.921 GC heap before
{Heap before GC invocations=60 (full 0):
 garbage-first heap   total 212992K, used 168704K [0x0000000080000000, 0x0000000100000000)
  region size 1024K, 20 young (20480K), 2 survivors (2048K)
 Metaspace       used 115114K, committed 116096K, reserved 1179648K
  class space    used 15423K, committed 15936K, reserved 1048576K
}
Event: 2966.081 GC heap after
{Heap after GC invocations=61 (full 0):
 garbage-first heap   total 212992K, used 150070K [0x0000000080000000, 0x0000000100000000)
  region size 1024K, 2 young (2048K), 2 survivors (2048K)
 Metaspace       used 115114K, committed 116096K, reserved 1179648K
  class space    used 15423K, committed 15936K, reserved 1048576K
}
Event: 2973.831 GC heap before
{Heap before GC invocations=61 (full 0):
 garbage-first heap   total 212992K, used 178742K [0x0000000080000000, 0x0000000100000000)
  region size 1024K, 30 young (30720K), 2 survivors (2048K)
 Metaspace       used 115216K, committed 116160K, reserved 1179648K
  class space    used 15429K, committed 15936K, reserved 1048576K
}
Event: 2974.784 GC heap after
{Heap after GC invocations=62 (full 0):
 garbage-first heap   total 212992K, used 153338K [0x0000000080000000, 0x0000000100000000)
  region size 1024K, 4 young (4096K), 4 survivors (4096K)
 Metaspace       used 115216K, committed 116160K, reserved 1179648K
  class space    used 15429K, committed 15936K, reserved 1048576K
}
Event: 2975.903 GC heap before
{Heap before GC invocations=62 (full 0):
 garbage-first heap   total 212992K, used 159482K [0x0000000080000000, 0x0000000100000000)
  region size 1024K, 10 young (10240K), 4 survivors (4096K)
 Metaspace       used 115246K, committed 116160K, reserved 1179648K
  class space    used 15432K, committed 15936K, reserved 1048576K
}
Event: 2975.988 GC heap after
{Heap after GC invocations=63 (full 0):
 garbage-first heap   total 212992K, used 154718K [0x0000000080000000, 0x0000000100000000)
  region size 1024K, 2 young (2048K), 2 survivors (2048K)
 Metaspace       used 115246K, committed 116160K, reserved 1179648K
  class space    used 15432K, committed 15936K, reserved 1048576K
}

