# JRE version: OpenJDK Runtime Environment (17.0.7) (build 17.0.7+0-b2043.56-10550314)
# Java VM: OpenJDK 64-Bit Server VM (17.0.7+0-b2043.56-10550314, mixed mode, tiered, compressed oops, compressed class ptrs, g1 gc, windows-amd64)
GC Precious Log:
 CPUs: 2 total, 2 available
 Memory: 3470M
 Large Page Support: Disabled
 NUMA Support: Disabled
 Compressed Oops: Enabled (32-bit)
 Heap Region Size: 1M
 Heap Min Capacity: 8M
 Heap Initial Capacity: 56M
 Heap Max Capacity: 868M
 Pre-touch: Disabled
 Parallel Workers: 2
 Concurrent Workers: 1
 Concurrent Refinement Workers: 2
 Periodic GC: Disabled
Heap:
 garbage-first heap   total 79872K, used 45989K [0x00000000c9c00000, 0x0000000100000000)
  region size 1024K, 8 young (8192K), 3 survivors (3072K)
 Metaspace       used 50790K, committed 51072K, reserved 1114112K
  class space    used 6072K, committed 6208K, reserved 1048576K
GC Heap History (20 events):
Event: 47.735 GC heap before
{Heap before GC invocations=26 (full 0):
 garbage-first heap   total 46080K, used 29923K [0x00000000c9c00000, 0x0000000100000000)
  region size 1024K, 5 young (5120K), 2 survivors (2048K)
 Metaspace       used 45757K, committed 46016K, reserved 1114112K
  class space    used 5559K, committed 5696K, reserved 1048576K
}
Event: 47.745 GC heap after
{Heap after GC invocations=27 (full 0):
 garbage-first heap   total 46080K, used 28499K [0x00000000c9c00000, 0x0000000100000000)
  region size 1024K, 1 young (1024K), 1 survivors (1024K)
 Metaspace       used 45757K, committed 46016K, reserved 1114112K
  class space    used 5559K, committed 5696K, reserved 1048576K
}
Event: 48.360 GC heap before
{Heap before GC invocations=28 (full 0):
 garbage-first heap   total 55296K, used 37715K [0x00000000c9c00000, 0x0000000100000000)
  region size 1024K, 8 young (8192K), 1 survivors (1024K)
 Metaspace       used 47059K, committed 47296K, reserved 1114112K
  class space    used 5694K, committed 5824K, reserved 1048576K
}
Event: 48.372 GC heap after
{Heap after GC invocations=29 (full 0):
 garbage-first heap   total 55296K, used 31658K [0x00000000c9c00000, 0x0000000100000000)
  region size 1024K, 1 young (1024K), 1 survivors (1024K)
 Metaspace       used 47059K, committed 47296K, reserved 1114112K
  class space    used 5694K, committed 5824K, reserved 1048576K
}
Event: 48.891 GC heap before
{Heap before GC invocations=29 (full 0):
 garbage-first heap   total 55296K, used 42922K [0x00000000c9c00000, 0x0000000100000000)
  region size 1024K, 12 young (12288K), 1 survivors (1024K)
 Metaspace       used 47593K, committed 47872K, reserved 1114112K
  class space    used 5748K, committed 5888K, reserved 1048576K
}
Event: 48.895 GC heap after
{Heap after GC invocations=30 (full 0):
 garbage-first heap   total 55296K, used 33782K [0x00000000c9c00000, 0x0000000100000000)
  region size 1024K, 2 young (2048K), 2 survivors (2048K)
 Metaspace       used 47593K, committed 47872K, reserved 1114112K
  class space    used 5748K, committed 5888K, reserved 1048576K
}
Event: 49.752 GC heap before
{Heap before GC invocations=31 (full 0):
 garbage-first heap   total 60416K, used 42998K [0x00000000c9c00000, 0x0000000100000000)
  region size 1024K, 11 young (11264K), 2 survivors (2048K)
 Metaspace       used 47653K, committed 47936K, reserved 1114112K
  class space    used 5748K, committed 5888K, reserved 1048576K
}
Event: 49.757 GC heap after
{Heap after GC invocations=32 (full 0):
 garbage-first heap   total 60416K, used 34703K [0x00000000c9c00000, 0x0000000100000000)
  region size 1024K, 1 young (1024K), 1 survivors (1024K)
 Metaspace       used 47653K, committed 47936K, reserved 1114112K
  class space    used 5748K, committed 5888K, reserved 1048576K
}
Event: 49.974 GC heap before
{Heap before GC invocations=32 (full 0):
 garbage-first heap   total 60416K, used 37775K [0x00000000c9c00000, 0x0000000100000000)
  region size 1024K, 5 young (5120K), 1 survivors (1024K)
 Metaspace       used 47709K, committed 48000K, reserved 1114112K
  class space    used 5748K, committed 5888K, reserved 1048576K
}
Event: 49.977 GC heap after
{Heap after GC invocations=33 (full 0):
 garbage-first heap   total 60416K, used 35800K [0x00000000c9c00000, 0x0000000100000000)
  region size 1024K, 2 young (2048K), 2 survivors (2048K)
 Metaspace       used 47709K, committed 48000K, reserved 1114112K
  class space    used 5748K, committed 5888K, reserved 1048576K
}
Event: 50.301 GC heap before
{Heap before GC invocations=34 (full 0):
 garbage-first heap   total 66560K, used 45016K [0x00000000c9c00000, 0x0000000100000000)
  region size 1024K, 11 young (11264K), 2 survivors (2048K)
 Metaspace       used 47756K, committed 48064K, reserved 1114112K
  class space    used 5748K, committed 5888K, reserved 1048576K
}
Event: 50.306 GC heap after
{Heap after GC invocations=35 (full 0):
 garbage-first heap   total 66560K, used 38256K [0x00000000c9c00000, 0x0000000100000000)
  region size 1024K, 2 young (2048K), 2 survivors (2048K)
 Metaspace       used 47756K, committed 48064K, reserved 1114112K
  class space    used 5748K, committed 5888K, reserved 1048576K
}
Event: 50.639 GC heap before
{Heap before GC invocations=35 (full 0):
 garbage-first heap   total 66560K, used 49520K [0x00000000c9c00000, 0x0000000100000000)
  region size 1024K, 13 young (13312K), 2 survivors (2048K)
 Metaspace       used 47788K, committed 48064K, reserved 1114112K
  class space    used 5748K, committed 5888K, reserved 1048576K
}
Event: 50.642 GC heap after
{Heap after GC invocations=36 (full 0):
 garbage-first heap   total 79872K, used 38216K [0x00000000c9c00000, 0x0000000100000000)
  region size 1024K, 2 young (2048K), 2 survivors (2048K)
 Metaspace       used 47788K, committed 48064K, reserved 1114112K
  class space    used 5748K, committed 5888K, reserved 1048576K
}
Event: 52.873 GC heap before
{Heap before GC invocations=37 (full 0):
 garbage-first heap   total 79872K, used 56648K [0x00000000c9c00000, 0x0000000100000000)
  region size 1024K, 21 young (21504K), 2 survivors (2048K)
 Metaspace       used 50247K, committed 50496K, reserved 1114112K
  class space    used 6027K, committed 6144K, reserved 1048576K
}
Event: 52.878 GC heap after
{Heap after GC invocations=38 (full 0):
 garbage-first heap   total 79872K, used 39134K [0x00000000c9c00000, 0x0000000100000000)
  region size 1024K, 3 young (3072K), 3 survivors (3072K)
 Metaspace       used 50247K, committed 50496K, reserved 1114112K
  class space    used 6027K, committed 6144K, reserved 1048576K
}
Event: 52.960 GC heap before
{Heap before GC invocations=38 (full 0):
 garbage-first heap   total 79872K, used 39134K [0x00000000c9c00000, 0x0000000100000000)
  region size 1024K, 4 young (4096K), 3 survivors (3072K)
 Metaspace       used 50306K, committed 50560K, reserved 1114112K
  class space    used 6027K, committed 6144K, reserved 1048576K
}
Event: 52.964 GC heap after
{Heap after GC invocations=39 (full 0):
 garbage-first heap   total 79872K, used 38540K [0x00000000c9c00000, 0x0000000100000000)
  region size 1024K, 1 young (1024K), 1 survivors (1024K)
 Metaspace       used 50306K, committed 50560K, reserved 1114112K
  class space    used 6027K, committed 6144K, reserved 1048576K
}
Event: 55.321 GC heap before
{Heap before GC invocations=39 (full 0):
 garbage-first heap   total 79872K, used 59020K [0x00000000c9c00000, 0x0000000100000000)
  region size 1024K, 21 young (21504K), 1 survivors (1024K)
 Metaspace       used 50775K, committed 51008K, reserved 1114112K
  class space    used 6068K, committed 6208K, reserved 1048576K
}
Event: 55.328 GC heap after
{Heap after GC invocations=40 (full 0):
 garbage-first heap   total 79872K, used 41893K [0x00000000c9c00000, 0x0000000100000000)
  region size 1024K, 3 young (3072K), 3 survivors (3072K)
 Metaspace       used 50775K, committed 51008K, reserved 1114112K
  class space    used 6068K, committed 6208K, reserved 1048576K
}

