# JRE version: OpenJDK Runtime Environment (17.0.7) (build 17.0.7+0-b2043.56-10550314)
# Java VM: OpenJDK 64-Bit Server VM (17.0.7+0-b2043.56-10550314, mixed mode, tiered, compressed oops, compressed class ptrs, g1 gc, windows-amd64)
GC Precious Log:
 CPUs: 2 total, 2 available
 Memory: 3470M
 Large Page Support: Disabled
 NUMA Support: Disabled
 Compressed Oops: Enabled (32-bit)
 Heap Region Size: 1M
 Heap Min Capacity: 8M
 Heap Initial Capacity: 56M
 Heap Max Capacity: 2G
 Pre-touch: Disabled
 Parallel Workers: 2
 Concurrent Workers: 1
 Concurrent Refinement Workers: 2
 Periodic GC: Disabled
Heap:
 garbage-first heap   total 182272K, used 122322K [0x0000000080000000, 0x0000000100000000)
  region size 1024K, 4 young (4096K), 2 survivors (2048K)
 Metaspace       used 102497K, committed 103232K, reserved 1179648K
  class space    used 13998K, committed 14336K, reserved 1048576K
GC Heap History (20 events):
Event: 128.234 GC heap before
{Heap before GC invocations=50 (full 0):
 garbage-first heap   total 128000K, used 76477K [0x0000000080000000, 0x0000000100000000)
  region size 1024K, 6 young (6144K), 2 survivors (2048K)
 Metaspace       used 77186K, committed 77760K, reserved 1179648K
  class space    used 10739K, committed 11008K, reserved 1048576K
}
Event: 128.243 GC heap after
{Heap after GC invocations=51 (full 0):
 garbage-first heap   total 128000K, used 73386K [0x0000000080000000, 0x0000000100000000)
  region size 1024K, 1 young (1024K), 1 survivors (1024K)
 Metaspace       used 77186K, committed 77760K, reserved 1179648K
  class space    used 10739K, committed 11008K, reserved 1048576K
}
Event: 129.125 GC heap before
{Heap before GC invocations=51 (full 0):
 garbage-first heap   total 128000K, used 96938K [0x0000000080000000, 0x0000000100000000)
  region size 1024K, 24 young (24576K), 1 survivors (1024K)
 Metaspace       used 78951K, committed 79552K, reserved 1179648K
  class space    used 10977K, committed 11264K, reserved 1048576K
}
Event: 129.130 GC heap after
{Heap after GC invocations=52 (full 0):
 garbage-first heap   total 182272K, used 74733K [0x0000000080000000, 0x0000000100000000)
  region size 1024K, 2 young (2048K), 2 survivors (2048K)
 Metaspace       used 78951K, committed 79552K, reserved 1179648K
  class space    used 10977K, committed 11264K, reserved 1048576K
}
Event: 132.201 GC heap before
{Heap before GC invocations=52 (full 0):
 garbage-first heap   total 182272K, used 135149K [0x0000000080000000, 0x0000000100000000)
  region size 1024K, 57 young (58368K), 2 survivors (2048K)
 Metaspace       used 84154K, committed 84864K, reserved 1179648K
  class space    used 11712K, committed 12032K, reserved 1048576K
}
Event: 132.214 GC heap after
{Heap after GC invocations=53 (full 0):
 garbage-first heap   total 182272K, used 81723K [0x0000000080000000, 0x0000000100000000)
  region size 1024K, 5 young (5120K), 5 survivors (5120K)
 Metaspace       used 84154K, committed 84864K, reserved 1179648K
  class space    used 11712K, committed 12032K, reserved 1048576K
}
Event: 137.024 GC heap before
{Heap before GC invocations=53 (full 0):
 garbage-first heap   total 182272K, used 142139K [0x0000000080000000, 0x0000000100000000)
  region size 1024K, 64 young (65536K), 5 survivors (5120K)
 Metaspace       used 88256K, committed 88960K, reserved 1179648K
  class space    used 12260K, committed 12608K, reserved 1048576K
}
Event: 137.049 GC heap after
{Heap after GC invocations=54 (full 0):
 garbage-first heap   total 182272K, used 87645K [0x0000000080000000, 0x0000000100000000)
  region size 1024K, 8 young (8192K), 8 survivors (8192K)
 Metaspace       used 88256K, committed 88960K, reserved 1179648K
  class space    used 12260K, committed 12608K, reserved 1048576K
}
Event: 140.799 GC heap before
{Heap before GC invocations=54 (full 0):
 garbage-first heap   total 182272K, used 124509K [0x0000000080000000, 0x0000000100000000)
  region size 1024K, 45 young (46080K), 8 survivors (8192K)
 Metaspace       used 92405K, committed 93120K, reserved 1179648K
  class space    used 12786K, committed 13120K, reserved 1048576K
}
Event: 140.820 GC heap after
{Heap after GC invocations=55 (full 0):
 garbage-first heap   total 182272K, used 89600K [0x0000000080000000, 0x0000000100000000)
  region size 1024K, 3 young (3072K), 3 survivors (3072K)
 Metaspace       used 92405K, committed 93120K, reserved 1179648K
  class space    used 12786K, committed 13120K, reserved 1048576K
}
Event: 142.948 GC heap before
{Heap before GC invocations=56 (full 0):
 garbage-first heap   total 182272K, used 152064K [0x0000000080000000, 0x0000000100000000)
  region size 1024K, 56 young (57344K), 3 survivors (3072K)
 Metaspace       used 98428K, committed 99136K, reserved 1179648K
  class space    used 13546K, committed 13888K, reserved 1048576K
}
Event: 142.968 GC heap after
{Heap after GC invocations=57 (full 0):
 garbage-first heap   total 182272K, used 101376K [0x0000000080000000, 0x0000000100000000)
  region size 1024K, 6 young (6144K), 6 survivors (6144K)
 Metaspace       used 98428K, committed 99136K, reserved 1179648K
  class space    used 13546K, committed 13888K, reserved 1048576K
}
Event: 142.979 GC heap before
{Heap before GC invocations=57 (full 0):
 garbage-first heap   total 182272K, used 103424K [0x0000000080000000, 0x0000000100000000)
  region size 1024K, 8 young (8192K), 6 survivors (6144K)
 Metaspace       used 98428K, committed 99136K, reserved 1179648K
  class space    used 13546K, committed 13888K, reserved 1048576K
}
Event: 142.996 GC heap after
{Heap after GC invocations=58 (full 0):
 garbage-first heap   total 182272K, used 101656K [0x0000000080000000, 0x0000000100000000)
  region size 1024K, 1 young (1024K), 1 survivors (1024K)
 Metaspace       used 98428K, committed 99136K, reserved 1179648K
  class space    used 13546K, committed 13888K, reserved 1048576K
}
Event: 146.262 GC heap before
{Heap before GC invocations=58 (full 0):
 garbage-first heap   total 182272K, used 146712K [0x0000000080000000, 0x0000000100000000)
  region size 1024K, 45 young (46080K), 1 survivors (1024K)
 Metaspace       used 98598K, committed 99264K, reserved 1179648K
  class space    used 13551K, committed 13888K, reserved 1048576K
}
Event: 146.321 GC heap after
{Heap after GC invocations=59 (full 0):
 garbage-first heap   total 182272K, used 110080K [0x0000000080000000, 0x0000000100000000)
  region size 1024K, 6 young (6144K), 6 survivors (6144K)
 Metaspace       used 98598K, committed 99264K, reserved 1179648K
  class space    used 13551K, committed 13888K, reserved 1048576K
}
Event: 149.805 GC heap before
{Heap before GC invocations=59 (full 0):
 garbage-first heap   total 182272K, used 143872K [0x0000000080000000, 0x0000000100000000)
  region size 1024K, 39 young (39936K), 6 survivors (6144K)
 Metaspace       used 98944K, committed 99648K, reserved 1179648K
  class space    used 13577K, committed 13888K, reserved 1048576K
}
Event: 149.856 GC heap after
{Heap after GC invocations=60 (full 0):
 garbage-first heap   total 182272K, used 118784K [0x0000000080000000, 0x0000000100000000)
  region size 1024K, 5 young (5120K), 5 survivors (5120K)
 Metaspace       used 98944K, committed 99648K, reserved 1179648K
  class space    used 13577K, committed 13888K, reserved 1048576K
}
Event: 151.179 GC heap before
{Heap before GC invocations=60 (full 0):
 garbage-first heap   total 182272K, used 146432K [0x0000000080000000, 0x0000000100000000)
  region size 1024K, 32 young (32768K), 5 survivors (5120K)
 Metaspace       used 102336K, committed 103040K, reserved 1179648K
  class space    used 13972K, committed 14272K, reserved 1048576K
}
Event: 151.210 GC heap after
{Heap after GC invocations=61 (full 0):
 garbage-first heap   total 182272K, used 121298K [0x0000000080000000, 0x0000000100000000)
  region size 1024K, 2 young (2048K), 2 survivors (2048K)
 Metaspace       used 102336K, committed 103040K, reserved 1179648K
  class space    used 13972K, committed 14272K, reserved 1048576K
}

