# JRE version: OpenJDK Runtime Environment (17.0.7) (build 17.0.7+0-b2043.56-10550314)
# Java VM: OpenJDK 64-Bit Server VM (17.0.7+0-b2043.56-10550314, mixed mode, tiered, compressed oops, compressed class ptrs, g1 gc, windows-amd64)
GC Precious Log:
 CPUs: 2 total, 2 available
 Memory: 3470M
 Large Page Support: Disabled
 NUMA Support: Disabled
 Compressed Oops: Enabled (32-bit)
 Heap Region Size: 1M
 Heap Min Capacity: 8M
 Heap Initial Capacity: 56M
 Heap Max Capacity: 2G
 Pre-touch: Disabled
 Parallel Workers: 2
 Concurrent Workers: 1
 Concurrent Refinement Workers: 2
 Periodic GC: Disabled
Heap:
 garbage-first heap   total 320512K, used 123591K [0x0000000080000000, 0x0000000100000000)
  region size 1024K, 44 young (45056K), 7 survivors (7168K)
 Metaspace       used 95416K, committed 96128K, reserved 1179648K
  class space    used 13121K, committed 13440K, reserved 1048576K
GC Heap History (20 events):
Event: 76.304 GC heap before
{Heap before GC invocations=61 (full 0):
 garbage-first heap   total 126976K, used 92995K [0x0000000080000000, 0x0000000100000000)
  region size 1024K, 24 young (24576K), 2 survivors (2048K)
 Metaspace       used 68929K, committed 69504K, reserved 1114112K
  class space    used 9198K, committed 9472K, reserved 1048576K
}
Event: 76.309 GC heap after
{Heap after GC invocations=62 (full 0):
 garbage-first heap   total 126976K, used 71922K [0x0000000080000000, 0x0000000100000000)
  region size 1024K, 2 young (2048K), 2 survivors (2048K)
 Metaspace       used 68929K, committed 69504K, reserved 1114112K
  class space    used 9198K, committed 9472K, reserved 1048576K
}
Event: 79.301 GC heap before
{Heap before GC invocations=63 (full 0):
 garbage-first heap   total 126976K, used 96498K [0x0000000080000000, 0x0000000100000000)
  region size 1024K, 25 young (25600K), 2 survivors (2048K)
 Metaspace       used 70756K, committed 71360K, reserved 1114112K
  class space    used 9459K, committed 9728K, reserved 1048576K
}
Event: 79.308 GC heap after
{Heap after GC invocations=64 (full 0):
 garbage-first heap   total 152576K, used 75712K [0x0000000080000000, 0x0000000100000000)
  region size 1024K, 4 young (4096K), 4 survivors (4096K)
 Metaspace       used 70756K, committed 71360K, reserved 1114112K
  class space    used 9459K, committed 9728K, reserved 1048576K
}
Event: 79.378 GC heap before
{Heap before GC invocations=64 (full 0):
 garbage-first heap   total 152576K, used 78784K [0x0000000080000000, 0x0000000100000000)
  region size 1024K, 7 young (7168K), 4 survivors (4096K)
 Metaspace       used 70937K, committed 71488K, reserved 1114112K
  class space    used 9482K, committed 9728K, reserved 1048576K
}
Event: 79.386 GC heap after
{Heap after GC invocations=65 (full 0):
 garbage-first heap   total 152576K, used 75409K [0x0000000080000000, 0x0000000100000000)
  region size 1024K, 1 young (1024K), 1 survivors (1024K)
 Metaspace       used 70937K, committed 71488K, reserved 1114112K
  class space    used 9482K, committed 9728K, reserved 1048576K
}
Event: 80.800 GC heap before
{Heap before GC invocations=65 (full 0):
 garbage-first heap   total 152576K, used 113297K [0x0000000080000000, 0x0000000100000000)
  region size 1024K, 38 young (38912K), 1 survivors (1024K)
 Metaspace       used 75100K, committed 75712K, reserved 1179648K
  class space    used 10061K, committed 10368K, reserved 1048576K
}
Event: 80.820 GC heap after
{Heap after GC invocations=66 (full 0):
 garbage-first heap   total 152576K, used 76919K [0x0000000080000000, 0x0000000100000000)
  region size 1024K, 2 young (2048K), 2 survivors (2048K)
 Metaspace       used 75100K, committed 75712K, reserved 1179648K
  class space    used 10061K, committed 10368K, reserved 1048576K
}
Event: 93.076 GC heap before
{Heap before GC invocations=67 (full 0):
 garbage-first heap   total 152576K, used 119927K [0x0000000080000000, 0x0000000100000000)
  region size 1024K, 45 young (46080K), 2 survivors (2048K)
 Metaspace       used 78184K, committed 78848K, reserved 1179648K
  class space    used 10483K, committed 10816K, reserved 1048576K
}
Event: 93.130 GC heap after
{Heap after GC invocations=68 (full 0):
 garbage-first heap   total 152576K, used 79488K [0x0000000080000000, 0x0000000100000000)
  region size 1024K, 6 young (6144K), 6 survivors (6144K)
 Metaspace       used 78184K, committed 78848K, reserved 1179648K
  class space    used 10483K, committed 10816K, reserved 1048576K
}
Event: 93.245 GC heap before
{Heap before GC invocations=68 (full 0):
 garbage-first heap   total 152576K, used 80512K [0x0000000080000000, 0x0000000100000000)
  region size 1024K, 7 young (7168K), 6 survivors (6144K)
 Metaspace       used 78187K, committed 78848K, reserved 1179648K
  class space    used 10483K, committed 10816K, reserved 1048576K
}
Event: 93.334 GC heap after
{Heap after GC invocations=69 (full 0):
 garbage-first heap   total 152576K, used 79644K [0x0000000080000000, 0x0000000100000000)
  region size 1024K, 1 young (1024K), 1 survivors (1024K)
 Metaspace       used 78187K, committed 78848K, reserved 1179648K
  class space    used 10483K, committed 10816K, reserved 1048576K
}
Event: 96.389 GC heap before
{Heap before GC invocations=69 (full 0):
 garbage-first heap   total 152576K, used 121628K [0x0000000080000000, 0x0000000100000000)
  region size 1024K, 42 young (43008K), 1 survivors (1024K)
 Metaspace       used 79975K, committed 80640K, reserved 1179648K
  class space    used 10737K, committed 11072K, reserved 1048576K
}
Event: 96.449 GC heap after
{Heap after GC invocations=70 (full 0):
 garbage-first heap   total 152576K, used 80207K [0x0000000080000000, 0x0000000100000000)
  region size 1024K, 2 young (2048K), 2 survivors (2048K)
 Metaspace       used 79975K, committed 80640K, reserved 1179648K
  class space    used 10737K, committed 11072K, reserved 1048576K
}
Event: 101.504 GC heap before
{Heap before GC invocations=71 (full 0):
 garbage-first heap   total 152576K, used 124239K [0x0000000080000000, 0x0000000100000000)
  region size 1024K, 44 young (45056K), 2 survivors (2048K)
 Metaspace       used 83263K, committed 83904K, reserved 1179648K
  class space    used 11371K, committed 11712K, reserved 1048576K
}
Event: 101.560 GC heap after
{Heap after GC invocations=72 (full 0):
 garbage-first heap   total 152576K, used 81451K [0x0000000080000000, 0x0000000100000000)
  region size 1024K, 3 young (3072K), 3 survivors (3072K)
 Metaspace       used 83263K, committed 83904K, reserved 1179648K
  class space    used 11371K, committed 11712K, reserved 1048576K
}
Event: 103.153 GC heap before
{Heap before GC invocations=72 (full 0):
 garbage-first heap   total 152576K, used 85547K [0x0000000080000000, 0x0000000100000000)
  region size 1024K, 7 young (7168K), 3 survivors (3072K)
 Metaspace       used 83646K, committed 84288K, reserved 1179648K
  class space    used 11428K, committed 11776K, reserved 1048576K
}
Event: 103.175 GC heap after
{Heap after GC invocations=73 (full 0):
 garbage-first heap   total 320512K, used 80887K [0x0000000080000000, 0x0000000100000000)
  region size 1024K, 1 young (1024K), 1 survivors (1024K)
 Metaspace       used 83646K, committed 84288K, reserved 1179648K
  class space    used 11428K, committed 11776K, reserved 1048576K
}
Event: 120.760 GC heap before
{Heap before GC invocations=73 (full 0):
 garbage-first heap   total 320512K, used 198647K [0x0000000080000000, 0x0000000100000000)
  region size 1024K, 116 young (118784K), 1 survivors (1024K)
 Metaspace       used 94225K, committed 94912K, reserved 1179648K
  class space    used 12955K, committed 13312K, reserved 1048576K
}
Event: 120.881 GC heap after
{Heap after GC invocations=74 (full 0):
 garbage-first heap   total 320512K, used 86727K [0x0000000080000000, 0x0000000100000000)
  region size 1024K, 7 young (7168K), 7 survivors (7168K)
 Metaspace       used 94225K, committed 94912K, reserved 1179648K
  class space    used 12955K, committed 13312K, reserved 1048576K
}

