# JRE version: OpenJDK Runtime Environment (17.0.7) (build 17.0.7+0-b2043.56-10550314)
# Java VM: OpenJDK 64-Bit Server VM (17.0.7+0-b2043.56-10550314, mixed mode, tiered, compressed oops, compressed class ptrs, g1 gc, windows-amd64)
GC Precious Log:
 CPUs: 2 total, 2 available
 Memory: 3470M
 Large Page Support: Disabled
 NUMA Support: Disabled
 Compressed Oops: Enabled (32-bit)
 Heap Region Size: 1M
 Heap Min Capacity: 8M
 Heap Initial Capacity: 56M
 Heap Max Capacity: 2G
 Pre-touch: Disabled
 Parallel Workers: 2
 Concurrent Workers: 1
 Concurrent Refinement Workers: 2
 Periodic GC: Disabled
Heap:
 garbage-first heap   total 557056K, used 174577K [0x0000000080000000, 0x0000000100000000)
  region size 1024K, 9 young (9216K), 1 survivors (1024K)
 Metaspace       used 133541K, committed 134912K, reserved 1179648K
  class space    used 17294K, committed 17984K, reserved 1048576K
GC Heap History (20 events):
Event: 4994.010 GC heap before
{Heap before GC invocations=101 (full 1):
 garbage-first heap   total 557056K, used 359890K [0x0000000080000000, 0x0000000100000000)
  region size 1024K, 192 young (196608K), 0 survivors (0K)
 Metaspace       used 134025K, committed 135296K, reserved 1179648K
  class space    used 17500K, committed 18112K, reserved 1048576K
}
Event: 4994.952 GC heap after
{Heap after GC invocations=102 (full 1):
 garbage-first heap   total 557056K, used 182738K [0x0000000080000000, 0x0000000100000000)
  region size 1024K, 17 young (17408K), 17 survivors (17408K)
 Metaspace       used 134025K, committed 135296K, reserved 1179648K
  class space    used 17500K, committed 18112K, reserved 1048576K
}
Event: 6097.828 GC heap before
{Heap before GC invocations=103 (full 1):
 garbage-first heap   total 557056K, used 194120K [0x0000000080000000, 0x0000000100000000)
  region size 1024K, 50 young (51200K), 17 survivors (17408K)
 Metaspace       used 133497K, committed 135296K, reserved 1179648K
  class space    used 17381K, committed 18112K, reserved 1048576K
}
Event: 6098.491 GC heap after
{Heap after GC invocations=104 (full 1):
 garbage-first heap   total 557056K, used 157769K [0x0000000080000000, 0x0000000100000000)
  region size 1024K, 1 young (1024K), 1 survivors (1024K)
 Metaspace       used 133497K, committed 135296K, reserved 1179648K
  class space    used 17381K, committed 18112K, reserved 1048576K
}
Event: 7464.117 GC heap before
{Heap before GC invocations=104 (full 1):
 garbage-first heap   total 557056K, used 184393K [0x0000000080000000, 0x0000000100000000)
  region size 1024K, 27 young (27648K), 1 survivors (1024K)
 Metaspace       used 133507K, committed 135296K, reserved 1179648K
  class space    used 17381K, committed 18112K, reserved 1048576K
}
Event: 7464.491 GC heap after
{Heap after GC invocations=105 (full 1):
 garbage-first heap   total 557056K, used 155579K [0x0000000080000000, 0x0000000100000000)
  region size 1024K, 1 young (1024K), 1 survivors (1024K)
 Metaspace       used 133507K, committed 135296K, reserved 1179648K
  class space    used 17381K, committed 18112K, reserved 1048576K
}
Event: 7812.344 GC heap before
{Heap before GC invocations=105 (full 1):
 garbage-first heap   total 557056K, used 181179K [0x0000000080000000, 0x0000000100000000)
  region size 1024K, 27 young (27648K), 1 survivors (1024K)
 Metaspace       used 133534K, committed 135296K, reserved 1179648K
  class space    used 17381K, committed 18112K, reserved 1048576K
}
Event: 7812.412 GC heap after
{Heap after GC invocations=106 (full 1):
 garbage-first heap   total 557056K, used 157228K [0x0000000080000000, 0x0000000100000000)
  region size 1024K, 3 young (3072K), 3 survivors (3072K)
 Metaspace       used 133534K, committed 135296K, reserved 1179648K
  class space    used 17381K, committed 18112K, reserved 1048576K
}
Event: 7815.614 GC heap before
{Heap before GC invocations=106 (full 1):
 garbage-first heap   total 557056K, used 180780K [0x0000000080000000, 0x0000000100000000)
  region size 1024K, 27 young (27648K), 3 survivors (3072K)
 Metaspace       used 133602K, committed 135296K, reserved 1179648K
  class space    used 17381K, committed 18112K, reserved 1048576K
}
Event: 7815.668 GC heap after
{Heap after GC invocations=107 (full 1):
 garbage-first heap   total 557056K, used 160329K [0x0000000080000000, 0x0000000100000000)
  region size 1024K, 4 young (4096K), 4 survivors (4096K)
 Metaspace       used 133602K, committed 135296K, reserved 1179648K
  class space    used 17381K, committed 18112K, reserved 1048576K
}
Event: 7825.483 GC heap before
{Heap before GC invocations=108 (full 1):
 garbage-first heap   total 557056K, used 182857K [0x0000000080000000, 0x0000000100000000)
  region size 1024K, 27 young (27648K), 4 survivors (4096K)
 Metaspace       used 133013K, committed 134912K, reserved 1179648K
  class space    used 17252K, committed 17984K, reserved 1048576K
}
Event: 7825.528 GC heap after
{Heap after GC invocations=109 (full 1):
 garbage-first heap   total 557056K, used 162285K [0x0000000080000000, 0x0000000100000000)
  region size 1024K, 3 young (3072K), 3 survivors (3072K)
 Metaspace       used 133013K, committed 134912K, reserved 1179648K
  class space    used 17252K, committed 17984K, reserved 1048576K
}
Event: 7826.684 GC heap before
{Heap before GC invocations=109 (full 1):
 garbage-first heap   total 557056K, used 186861K [0x0000000080000000, 0x0000000100000000)
  region size 1024K, 27 young (27648K), 3 survivors (3072K)
 Metaspace       used 133024K, committed 134912K, reserved 1179648K
  class space    used 17252K, committed 17984K, reserved 1048576K
}
Event: 7826.768 GC heap after
{Heap after GC invocations=110 (full 1):
 garbage-first heap   total 557056K, used 164408K [0x0000000080000000, 0x0000000100000000)
  region size 1024K, 3 young (3072K), 3 survivors (3072K)
 Metaspace       used 133024K, committed 134912K, reserved 1179648K
  class space    used 17252K, committed 17984K, reserved 1048576K
}
Event: 7828.037 GC heap before
{Heap before GC invocations=110 (full 1):
 garbage-first heap   total 557056K, used 188984K [0x0000000080000000, 0x0000000100000000)
  region size 1024K, 27 young (27648K), 3 survivors (3072K)
 Metaspace       used 133081K, committed 134912K, reserved 1179648K
  class space    used 17256K, committed 17984K, reserved 1048576K
}
Event: 7828.099 GC heap after
{Heap after GC invocations=111 (full 1):
 garbage-first heap   total 557056K, used 166134K [0x0000000080000000, 0x0000000100000000)
  region size 1024K, 3 young (3072K), 3 survivors (3072K)
 Metaspace       used 133081K, committed 134912K, reserved 1179648K
  class space    used 17256K, committed 17984K, reserved 1048576K
}
Event: 7844.370 GC heap before
{Heap before GC invocations=111 (full 1):
 garbage-first heap   total 557056K, used 189686K [0x0000000080000000, 0x0000000100000000)
  region size 1024K, 27 young (27648K), 3 survivors (3072K)
 Metaspace       used 133515K, committed 134912K, reserved 1179648K
  class space    used 17293K, committed 17984K, reserved 1048576K
}
Event: 7844.456 GC heap after
{Heap after GC invocations=112 (full 1):
 garbage-first heap   total 557056K, used 168631K [0x0000000080000000, 0x0000000100000000)
  region size 1024K, 3 young (3072K), 3 survivors (3072K)
 Metaspace       used 133515K, committed 134912K, reserved 1179648K
  class space    used 17293K, committed 17984K, reserved 1048576K
}
Event: 8038.023 GC heap before
{Heap before GC invocations=112 (full 1):
 garbage-first heap   total 557056K, used 192183K [0x0000000080000000, 0x0000000100000000)
  region size 1024K, 27 young (27648K), 3 survivors (3072K)
 Metaspace       used 133537K, committed 134912K, reserved 1179648K
  class space    used 17294K, committed 17984K, reserved 1048576K
}
Event: 8038.960 GC heap after
{Heap after GC invocations=113 (full 1):
 garbage-first heap   total 557056K, used 168433K [0x0000000080000000, 0x0000000100000000)
  region size 1024K, 1 young (1024K), 1 survivors (1024K)
 Metaspace       used 133537K, committed 134912K, reserved 1179648K
  class space    used 17294K, committed 17984K, reserved 1048576K
}

