# JRE version: OpenJDK Runtime Environment (17.0.7) (build 17.0.7+0-b2043.56-10550314)
# Java VM: OpenJDK 64-Bit Server VM (17.0.7+0-b2043.56-10550314, mixed mode, tiered, compressed oops, compressed class ptrs, g1 gc, windows-amd64)
GC Precious Log:
 CPUs: 2 total, 2 available
 Memory: 3470M
 Large Page Support: Disabled
 NUMA Support: Disabled
 Compressed Oops: Enabled (32-bit)
 Heap Region Size: 1M
 Heap Min Capacity: 8M
 Heap Initial Capacity: 56M
 Heap Max Capacity: 868M
 Pre-touch: Disabled
 Parallel Workers: 2
 Concurrent Workers: 1
 Concurrent Refinement Workers: 2
 Periodic GC: Disabled
Heap:
 garbage-first heap   total 71680K, used 46162K [0x00000000c9c00000, 0x0000000100000000)
  region size 1024K, 3 young (3072K), 2 survivors (2048K)
 Metaspace       used 50898K, committed 51200K, reserved 1114112K
  class space    used 6081K, committed 6208K, reserved 1048576K
GC Heap History (20 events):
Event: 11.795 GC heap before
{Heap before GC invocations=22 (full 0):
 garbage-first heap   total 51200K, used 40049K [0x00000000c9c00000, 0x0000000100000000)
  region size 1024K, 11 young (11264K), 2 survivors (2048K)
 Metaspace       used 47544K, committed 47808K, reserved 1114112K
  class space    used 5751K, committed 5888K, reserved 1048576K
}
Event: 11.799 GC heap after
{Heap after GC invocations=23 (full 0):
 garbage-first heap   total 61440K, used 32805K [0x00000000c9c00000, 0x0000000100000000)
  region size 1024K, 2 young (2048K), 2 survivors (2048K)
 Metaspace       used 47544K, committed 47808K, reserved 1114112K
  class space    used 5751K, committed 5888K, reserved 1048576K
}
Event: 13.249 GC heap before
{Heap before GC invocations=24 (full 0):
 garbage-first heap   total 61440K, used 46117K [0x00000000c9c00000, 0x0000000100000000)
  region size 1024K, 15 young (15360K), 2 survivors (2048K)
 Metaspace       used 47665K, committed 47936K, reserved 1114112K
  class space    used 5751K, committed 5888K, reserved 1048576K
}
Event: 13.256 GC heap after
{Heap after GC invocations=25 (full 0):
 garbage-first heap   total 61440K, used 34691K [0x00000000c9c00000, 0x0000000100000000)
  region size 1024K, 2 young (2048K), 2 survivors (2048K)
 Metaspace       used 47665K, committed 47936K, reserved 1114112K
  class space    used 5751K, committed 5888K, reserved 1048576K
}
Event: 13.296 GC heap before
{Heap before GC invocations=25 (full 0):
 garbage-first heap   total 61440K, used 34691K [0x00000000c9c00000, 0x0000000100000000)
  region size 1024K, 3 young (3072K), 2 survivors (2048K)
 Metaspace       used 47665K, committed 47936K, reserved 1114112K
  class space    used 5751K, committed 5888K, reserved 1048576K
}
Event: 13.299 GC heap after
{Heap after GC invocations=26 (full 0):
 garbage-first heap   total 61440K, used 35097K [0x00000000c9c00000, 0x0000000100000000)
  region size 1024K, 1 young (1024K), 1 survivors (1024K)
 Metaspace       used 47665K, committed 47936K, reserved 1114112K
  class space    used 5751K, committed 5888K, reserved 1048576K
}
Event: 14.347 GC heap before
{Heap before GC invocations=27 (full 0):
 garbage-first heap   total 61440K, used 47385K [0x00000000c9c00000, 0x0000000100000000)
  region size 1024K, 13 young (13312K), 1 survivors (1024K)
 Metaspace       used 47703K, committed 47936K, reserved 1114112K
  class space    used 5751K, committed 5888K, reserved 1048576K
}
Event: 14.367 GC heap after
{Heap after GC invocations=28 (full 0):
 garbage-first heap   total 61440K, used 38515K [0x00000000c9c00000, 0x0000000100000000)
  region size 1024K, 2 young (2048K), 2 survivors (2048K)
 Metaspace       used 47703K, committed 47936K, reserved 1114112K
  class space    used 5751K, committed 5888K, reserved 1048576K
}
Event: 14.384 GC heap before
{Heap before GC invocations=28 (full 0):
 garbage-first heap   total 61440K, used 47731K [0x00000000c9c00000, 0x0000000100000000)
  region size 1024K, 11 young (11264K), 2 survivors (2048K)
 Metaspace       used 47707K, committed 47936K, reserved 1114112K
  class space    used 5751K, committed 5888K, reserved 1048576K
}
Event: 14.395 GC heap after
{Heap after GC invocations=29 (full 0):
 garbage-first heap   total 61440K, used 40299K [0x00000000c9c00000, 0x0000000100000000)
  region size 1024K, 2 young (2048K), 2 survivors (2048K)
 Metaspace       used 47707K, committed 47936K, reserved 1114112K
  class space    used 5751K, committed 5888K, reserved 1048576K
}
Event: 15.058 GC heap before
{Heap before GC invocations=30 (full 0):
 garbage-first heap   total 71680K, used 47467K [0x00000000c9c00000, 0x0000000100000000)
  region size 1024K, 9 young (9216K), 2 survivors (2048K)
 Metaspace       used 47954K, committed 48256K, reserved 1114112K
  class space    used 5772K, committed 5952K, reserved 1048576K
}
Event: 15.063 GC heap after
{Heap after GC invocations=31 (full 0):
 garbage-first heap   total 71680K, used 40144K [0x00000000c9c00000, 0x0000000100000000)
  region size 1024K, 1 young (1024K), 1 survivors (1024K)
 Metaspace       used 47954K, committed 48256K, reserved 1114112K
  class space    used 5772K, committed 5952K, reserved 1048576K
}
Event: 18.494 GC heap before
{Heap before GC invocations=31 (full 0):
 garbage-first heap   total 71680K, used 54480K [0x00000000c9c00000, 0x0000000100000000)
  region size 1024K, 16 young (16384K), 1 survivors (1024K)
 Metaspace       used 50310K, committed 50560K, reserved 1114112K
  class space    used 6033K, committed 6144K, reserved 1048576K
}
Event: 18.499 GC heap after
{Heap after GC invocations=32 (full 0):
 garbage-first heap   total 71680K, used 41809K [0x00000000c9c00000, 0x0000000100000000)
  region size 1024K, 2 young (2048K), 2 survivors (2048K)
 Metaspace       used 50310K, committed 50560K, reserved 1114112K
  class space    used 6033K, committed 6144K, reserved 1048576K
}
Event: 21.722 GC heap before
{Heap before GC invocations=33 (full 0):
 garbage-first heap   total 71680K, used 57169K [0x00000000c9c00000, 0x0000000100000000)
  region size 1024K, 17 young (17408K), 2 survivors (2048K)
 Metaspace       used 50729K, committed 51008K, reserved 1114112K
  class space    used 6073K, committed 6208K, reserved 1048576K
}
Event: 21.730 GC heap after
{Heap after GC invocations=34 (full 0):
 garbage-first heap   total 71680K, used 44444K [0x00000000c9c00000, 0x0000000100000000)
  region size 1024K, 3 young (3072K), 3 survivors (3072K)
 Metaspace       used 50729K, committed 51008K, reserved 1114112K
  class space    used 6073K, committed 6208K, reserved 1048576K
}
Event: 21.758 GC heap before
{Heap before GC invocations=34 (full 0):
 garbage-first heap   total 71680K, used 45468K [0x00000000c9c00000, 0x0000000100000000)
  region size 1024K, 4 young (4096K), 3 survivors (3072K)
 Metaspace       used 50729K, committed 51008K, reserved 1114112K
  class space    used 6073K, committed 6208K, reserved 1048576K
}
Event: 21.763 GC heap after
{Heap after GC invocations=35 (full 0):
 garbage-first heap   total 71680K, used 43118K [0x00000000c9c00000, 0x0000000100000000)
  region size 1024K, 1 young (1024K), 1 survivors (1024K)
 Metaspace       used 50729K, committed 51008K, reserved 1114112K
  class space    used 6073K, committed 6208K, reserved 1048576K
}
Event: 22.983 GC heap before
{Heap before GC invocations=35 (full 0):
 garbage-first heap   total 71680K, used 55406K [0x00000000c9c00000, 0x0000000100000000)
  region size 1024K, 14 young (14336K), 1 survivors (1024K)
 Metaspace       used 50898K, committed 51200K, reserved 1114112K
  class space    used 6081K, committed 6208K, reserved 1048576K
}
Event: 23.000 GC heap after
{Heap after GC invocations=36 (full 0):
 garbage-first heap   total 71680K, used 46162K [0x00000000c9c00000, 0x0000000100000000)
  region size 1024K, 2 young (2048K), 2 survivors (2048K)
 Metaspace       used 50898K, committed 51200K, reserved 1114112K
  class space    used 6081K, committed 6208K, reserved 1048576K
}

